QAbstractAnimation
QAbstractButton
QAbstractEventDispatcher
QAbstractExtensionFactory
QAbstractExtensionManager
QAbstractFormBuilder
QAbstractGraphicsShapeItem
QAbstractItemDelegate
QAbstractItemModel
QAbstractItemView
QAbstractListModel
QAbstractMessageHandler
QAbstractNativeEventFilter
QAbstractNetworkCache
QAbstractPrintDialog
QAbstractProxyModel
QAbstractScrollArea
QAbstractSlider
QAbstractSocket
QAbstractSpinBox
QAbstractState
QAbstractTableModel
QAbstractTextDocumentLayout
QAbstractTransition
QAbstractUriResolver
QAbstractVideoBuffer
QAbstractVideoSurface
QAbstractXmlNodeModel
QAbstractXmlReceiver
QAction
QActionEvent
QActionGroup
QAnimationGroup
QApplication
QAtomicInt
QAtomicPointer
QAudioBuffer
QAudioDecoder
QAudioDecoderControl
QAudioDeviceInfo
QAudioEncoderSettings
QAudioEncoderSettingsControl
QAudioFormat
QAudioInput
QAudioInputSelectorControl
QAudioOutput
QAudioOutputSelectorControl
QAudioProbe
QAudioRecorder
QAuthenticator
QBackingStore
QBasicTimer
QBitArray
QBitmap
QBoxLayout
QBrush
QBuffer
QButtonGroup
QByteArray
QByteArrayMatcher
QCache
QCalendarWidget
QCamera
QCameraCaptureBufferFormatControl
QCameraCaptureDestinationControl
QCameraControl
QCameraExposure
QCameraExposureControl
QCameraFeedbackControl
QCameraFlashControl
QCameraFocus
QCameraFocusControl
QCameraFocusZone
QCameraImageCapture
QCameraImageCaptureControl
QCameraImageProcessing
QCameraImageProcessingControl
QCameraLocksControl
QCameraViewfinder
QCameraViewfinderSettingsControl
QCameraZoomControl
QChar
QCheckBox
QChildEvent
QClipboard
QCloseEvent
QColor
QColorDialog
QColormap
QColumnView
QComboBox
QCommandLinkButton
QCommonStyle
QCompleter
QConicalGradient
QContextMenuEvent
QContiguousCache
QCoreApplication
QCryptographicHash
QCursor
QDataStream
QDataWidgetMapper
QDate
QDateEdit
QDateTime
QDateTimeEdit
QDBusAbstractAdaptor
QDBusAbstractInterface
QDBusArgument
QDBusConnection
QDBusConnectionInterface
QDBusContext
QDBusError
QDBusInterface
QDBusMessage
QDBusObjectPath
QDBusPendingCall
QDBusPendingCallWatcher
QDBusPendingReply
QDBusReply
QDBusServer
QDBusServiceWatcher
QDBusSignature
QDBusUnixFileDescriptor
QDBusVariant
QDebug
QDesignerActionEditorInterface
QDesignerContainerExtension
QDesignerCustomWidgetCollectionInterface
QDesignerCustomWidgetInterface
QDesignerDynamicPropertySheetExtension
QDesignerFormEditorInterface
QDesignerFormWindowCursorInterface
QDesignerFormWindowInterface
QDesignerFormWindowManagerInterface
QDesignerMemberSheetExtension
QDesignerObjectInspectorInterface
QDesignerPropertyEditorInterface
QDesignerPropertySheetExtension
QDesignerTaskMenuExtension
QDesignerWidgetBoxInterface
QDesktopServices
QDesktopWidget
QDial
QDialog
QDialogButtonBox
QDir
QDirIterator
QDnsDomainNameRecord
QDnsHostAddressRecord
QDnsLookup
QDnsMailExchangeRecord
QDnsServiceRecord
QDnsTextRecord
QDockWidget
QDomAttr
QDomCDATASection
QDomCharacterData
QDomComment
QDomDocument
QDomDocumentFragment
QDomDocumentType
QDomElement
QDomEntity
QDomEntityReference
QDomImplementation
QDomNamedNodeMap
QDomNode
QDomNodeList
QDomNotation
QDomProcessingInstruction
QDomText
QDoubleSpinBox
QDoubleValidator
QDrag
QDragEnterEvent
QDragLeaveEvent
QDragMoveEvent
QDropEvent
QDynamicPropertyChangeEvent
QEasingCurve
QElapsedTimer
QErrorMessage
QEvent
QEventLoop
QEventLoopLocker
QEventTransition
QException
QExplicitlySharedDataPointer
QExposeEvent
QExtensionFactory
QExtensionManager
QFile
QFileDevice
QFileDialog
QFileIconProvider
QFileInfo
QFileOpenEvent
QFileSystemModel
QFileSystemWatcher
QFinalState
QFlag
QFlags
QFocusEvent
QFocusFrame
QFont
QFontComboBox
QFontDatabase
QFontDialog
QFontInfo
QFontMetrics
QFontMetricsF
QFormBuilder
QFormLayout
QFrame
QFusionStyle
QFuture
QFutureIterator
QFutureSynchronizer
QFutureWatcher
QGenericArgument
QGenericMatrix
QGenericPlugin
QGenericPluginFactory
QGenericReturnArgument
QGesture
QGestureEvent
QGestureRecognizer
QGLContext
QGLFormat
QGLFramebufferObject
QGLWidget
QGlyphRun
QGradient
QGraphicsAnchor
QGraphicsAnchorLayout
QGraphicsBlurEffect
QGraphicsColorizeEffect
QGraphicsDropShadowEffect
QGraphicsEffect
QGraphicsEllipseItem
QGraphicsGridLayout
QGraphicsItem
QGraphicsItemAnimation
QGraphicsItemGroup
QGraphicsLayout
QGraphicsLayoutItem
QGraphicsLinearLayout
QGraphicsLineItem
QGraphicsObject
QGraphicsOpacityEffect
QGraphicsPathItem
QGraphicsPixmapItem
QGraphicsPolygonItem
QGraphicsProxyWidget
QGraphicsRectItem
QGraphicsRotation
QGraphicsScale
QGraphicsScene
QGraphicsSceneContextMenuEvent
QGraphicsSceneDragDropEvent
QGraphicsSceneEvent
QGraphicsSceneHelpEvent
QGraphicsSceneHoverEvent
QGraphicsSceneMouseEvent
QGraphicsSceneMoveEvent
QGraphicsSceneResizeEvent
QGraphicsSceneWheelEvent
QGraphicsSimpleTextItem
QGraphicsSvgItem
QGraphicsTextItem
QGraphicsTransform
QGraphicsVideoItem
QGraphicsView
QGraphicsWidget
QGridLayout
QGroupBox
QGtkStyle
QGuiApplication
QHash
QHashIterator
QHBoxLayout
QHeaderView
QHelpContentItem
QHelpContentModel
QHelpContentWidget
QHelpEngine
QHelpEngineCore
QHelpEvent
QHelpIndexModel
QHelpIndexWidget
QHelpSearchEngine
QHelpSearchQuery
QHelpSearchQueryWidget
QHelpSearchResultWidget
QHideEvent
QHistoryState
QHostAddress
QHostInfo
QHoverEvent
QHttpMultiPart
QHttpPart
QIcon
QIconDragEvent
QIconEngine
QIconEnginePlugin
QIdentityProxyModel
QImage
QImageEncoderControl
QImageEncoderSettings
QImageIOHandler
QImageIOPlugin
QImageReader
QImageWriter
QInputDialog
QInputEvent
QInputMethod
QInputMethodEvent
QInputMethodQueryEvent
QIntValidator
QIODevice
QItemDelegate
QItemEditorCreator
QItemEditorCreatorBase
QItemEditorFactory
QItemSelection
QItemSelectionModel
QItemSelectionRange
QJSEngine
QJsonArray
QJsonDocument
QJsonObject
QJsonParseError
QJsonValue
QJSValue
QJSValueIterator
QKeyEvent
QKeyEventTransition
QKeySequence
QLabel
QLatin1Char
QLatin1String
QLayout
QLayoutItem
QLCDNumber
QLibrary
QLibraryInfo
QLine
QLinearGradient
QLineEdit
QLineF
QLinkedList
QLinkedListIterator
QList
QListIterator
QListView
QListWidget
QListWidgetItem
QLocale
QLocalServer
QLocalSocket
QMacCocoaViewContainer
QMacNativeWidget
QMacStyle
QMainWindow
QMap
QMapIterator
QMargins
QMatrix4x4
QMdiArea
QMdiSubWindow
QMediaAudioProbeControl
QMediaAvailabilityControl
QMediaBindableInterface
QMediaContainerControl
QMediaContent
QMediaControl
QMediaGaplessPlaybackControl
QMediaNetworkAccessControl
QMediaObject
QMediaPlayer
QMediaPlayerControl
QMediaPlaylist
QMediaRecorder
QMediaRecorderControl
QMediaResource
QMediaService
QMediaServiceFeaturesInterface
QMediaServiceProviderPlugin
QMediaServiceSupportedDevicesInterface
QMediaServiceSupportedFormatsInterface
QMediaStreamsControl
QMediaTimeInterval
QMediaTimeRange
QMediaVideoProbeControl
QMenu
QMenuBar
QMessageBox
QMessageLogContext
QMessageLogger
QMetaClassInfo
QMetaDataReaderControl
QMetaDataWriterControl
QMetaEnum
QMetaMethod
QMetaObject
QMetaProperty
QMetaType
QMimeData
QMimeDatabase
QMimeType
QModelIndex
QMouseEvent
QMouseEventTransition
QMoveEvent
QMovie
QMultiHash
QMultiMap
QMutableHashIterator
QMutableLinkedListIterator
QMutableListIterator
QMutableMapIterator
QMutableSetIterator
QMutableVectorIterator
QMutex
QMutexLocker
QNetworkAccessManager
QNetworkAddressEntry
QNetworkCacheMetaData
QNetworkConfiguration
QNetworkConfigurationManager
QNetworkCookie
QNetworkCookieJar
QNetworkDiskCache
QNetworkInterface
QNetworkProxy
QNetworkProxyFactory
QNetworkProxyQuery
QNetworkReply
QNetworkRequest
QNetworkSession
QObject
QObjectCleanupHandler
QOpenGLBuffer
QOpenGLContext
QOpenGLContextGroup
QOpenGLFramebufferObject
QOpenGLFramebufferObjectFormat
QOpenGLFunctions
QOpenGLPaintDevice
QOpenGLShader
QOpenGLShaderProgram
QPagedPaintDevice
QPageSetupDialog
QPaintDevice
QPaintEngine
QPaintEngineState
QPainter
QPainterPath
QPainterPathStroker
QPaintEvent
QPair
QPalette
QPanGesture
QParallelAnimationGroup
QPauseAnimation
QPdfWriter
QPen
QPersistentModelIndex
QPicture
QPinchGesture
QPixmap
QPixmapCache
QPlainTextDocumentLayout
QPlainTextEdit
QPlatformSystemTrayIcon
QPluginLoader
QPoint
QPointer
QPointF
QPolygon
QPolygonF
QPrintDialog
QPrintEngine
QPrinter
QPrinterInfo
QPrintPreviewDialog
QPrintPreviewWidget
QProcess
QProcessEnvironment
QProgressBar
QProgressDialog
QPropertyAnimation
QProxyStyle
QPushButton
QQmlComponent
QQmlContext
QQmlEngine
QQmlError
QQmlExpression
QQmlExtensionPlugin
QQmlImageProviderBase
QQmlIncubationController
QQmlIncubator
QQmlListProperty
QQmlListReference
QQmlNetworkAccessManagerFactory
QQmlParserStatus
QQmlProperty
QQmlPropertyMap
QQmlPropertyValueSource
QQmlScriptString
QTouchEventSequence (QTest)
QQuaternion
QQueue
QQuickImageProvider
QQuickItem
QQuickPaintedItem
QQuickTextureFactory
QQuickView
QQuickWindow
QRadialGradient
QRadioButton
QRadioData
QRadioDataControl
QRadioTuner
QRadioTunerControl
QRasterPaintEngine
QRawFont
QReadLocker
QReadWriteLock
QRect
QRectF
QRegExp
QRegExpValidator
QRegion
QRegularExpression
QRegularExpressionMatch
QRegularExpressionMatchIterator
QResizeEvent
QResource
QRubberBand
QRunnable
QScopedArrayPointer
QScopedPointer
QScopedValueRollback
QScreen
QScriptable
QScriptClass
QScriptClassPropertyIterator
QScriptContext
QScriptContextInfo
QScriptEngine
QScriptEngineAgent
QScriptEngineDebugger
QScriptExtensionPlugin
QScriptProgram
QScriptString
QScriptSyntaxCheckResult
QScriptValue
QScriptValueIterator
QScrollArea
QScrollBar
QScroller
QScrollerProperties
QScrollEvent
QScrollPrepareEvent
QSemaphore
QSequentialAnimationGroup
QSessionManager
QSet
QSetIterator
QSettings
QSGBasicGeometryNode
QSGClipNode
QSGDynamicTexture
QSGFlatColorMaterial
QSGGeometry
QSGGeometryNode
QSGMaterial
QSGMaterialShader
QSGMaterialType
QSGNode
QSGOpacityNode
QSGOpaqueTextureMaterial
QSGSimpleMaterial
QSGSimpleMaterialShader
QSGSimpleRectNode
QSGSimpleTextureNode
QSGTexture
QSGTextureMaterial
QSGTextureProvider
QSGTransformNode
QSGVertexColorMaterial
QSharedData
QSharedDataPointer
QSharedMemory
QSharedPointer
QShortcut
QShortcutEvent
QShowEvent
QSignalMapper
QSignalSpy
QSignalTransition
QSimpleXmlNodeModel
QSize
QSizeF
QSizeGrip
QSizePolicy
QSlider
QSocketNotifier
QSortFilterProxyModel
QSound
QSoundEffect
QSourceLocation
QSpacerItem
QSpinBox
QSplashScreen
QSplitter
QSplitterHandle
QSqlDatabase
QSqlDriver
QSqlDriverCreator
QSqlDriverCreatorBase
QSqlDriverPlugin
QSqlError
QSqlField
QSqlIndex
QSqlQuery
QSqlQueryModel
QSqlRecord
QSqlRelation
QSqlRelationalDelegate
QSqlRelationalTableModel
QSqlResult
QSqlTableModel
QSslCertificate
QSslCertificateExtension
QSslCipher
QSslConfiguration
QSslError
QSslKey
QSslSocket
QStack
QStackedLayout
QStackedWidget
QStandardItem
QStandardItemEditorCreator
QStandardItemModel
QStandardPaths
QState
QStateMachine
QStaticText
QStatusBar
QStatusTipEvent
QString
QStringList
QStringListModel
QStringMatcher
QStringRef
QStyle
QStyledItemDelegate
QStyleFactory
QStyleHintReturn
QStyleHintReturnMask
QStyleHintReturnVariant
QStyleHints
QStyleOption
QStyleOptionButton
QStyleOptionComboBox
QStyleOptionComplex
QStyleOptionDockWidget
QStyleOptionFocusRect
QStyleOptionFrame
QStyleOptionGraphicsItem
QStyleOptionGroupBox
QStyleOptionHeader
QStyleOptionMenuItem
QStyleOptionProgressBar
QStyleOptionRubberBand
QStyleOptionSizeGrip
QStyleOptionSlider
QStyleOptionSpinBox
QStyleOptionTab
QStyleOptionTabBarBase
QStyleOptionTabWidgetFrame
QStyleOptionTitleBar
QStyleOptionToolBar
QStyleOptionToolBox
QStyleOptionToolButton
QStyleOptionViewItem
QStylePainter
QStylePlugin
QSupportedWritingSystems
QSurface
QSurfaceFormat
QSvgGenerator
QSvgRenderer
QSvgWidget
QSwipeGesture
QSyntaxHighlighter
QSysInfo
QSystemSemaphore
QSystemTrayIcon
QTabBar
QTabletEvent
QTableView
QTableWidget
QTableWidgetItem
QTableWidgetSelectionRange
QTabWidget
QTapAndHoldGesture
QTapGesture
QTcpServer
QTcpSocket
QTemporaryDir
QTemporaryFile
QTestEventList
QTextBlock
QTextBlockFormat
QTextBlockGroup
QTextBlockUserData
QTextBoundaryFinder
QTextBrowser
QTextCharFormat
QTextCodec
QTextCursor
QTextDecoder
QTextDocument
QTextDocumentFragment
QTextDocumentWriter
QTextEdit
QTextEncoder
QTextFormat
QTextFragment
QTextFrame
QTextFrameFormat
QTextImageFormat
QTextInlineObject
QTextItem
QTextLayout
QTextLength
QTextLine
QTextList
QTextListFormat
QTextObject
QTextObjectInterface
QTextOption
QTextStream
QTextTable
QTextTableCell
QTextTableCellFormat
QTextTableFormat
QtGradientDialog
QThread
QThreadPool
QThreadStorage
QTileRules
QTime
QTimeEdit
QTimeLine
QTimer
QTimerEvent
QToolBar
QToolBox
QToolButton
QToolTip
QTouchDevice
QTouchEvent
QTransform
QTranslator
QTreeView
QTreeWidget
QTreeWidgetItem
QTreeWidgetItemIterator
QUdpSocket
QUiLoader
QUndoCommand
QUndoGroup
QUndoStack
QUndoView
QUnhandledException
QUrl
QUrlQuery
QUuid
QValidator
QVariant
QVariantAnimation
QVarLengthArray
QVBoxLayout
QVector
QVector2D
QVector3D
QVector4D
QVectorIterator
QVideoDeviceSelectorControl
QVideoEncoderSettings
QVideoEncoderSettingsControl
QVideoFrame
QVideoProbe
QVideoRendererControl
QVideoSurfaceFormat
QVideoWidget
QVideoWidgetControl
QVideoWindowControl
QWaitCondition
QWeakPointer
QWhatsThis
QWhatsThisClickedEvent
QWheelEvent
QWidget
QWidgetAction
QWidgetItem
QWindow
QWindowsStyle
QWindowStateChangeEvent
QWindowsVistaStyle
QWindowsXPStyle
QWinEventNotifier
QWizard
QWizardPage
QWriteLocker
QXmlAttributes
QXmlContentHandler
QXmlDeclHandler
QXmlDefaultHandler
QXmlDTDHandler
QXmlEntityResolver
QXmlErrorHandler
QXmlFormatter
QXmlInputSource
QXmlItem
QXmlLexicalHandler
QXmlLocator
QXmlName
QXmlNamePool
QXmlNamespaceSupport
QXmlNodeModelIndex
QXmlParseException
QXmlQuery
QXmlReader
QXmlResultItems
QXmlSchema
QXmlSchemaValidator
QXmlSerializer
QXmlSimpleReader
QXmlStreamAttribute
QXmlStreamAttributes
QXmlStreamEntityDeclaration
QXmlStreamEntityResolver
QXmlStreamNamespaceDeclaration
QXmlStreamNotationDeclaration
QXmlStreamReader
QXmlStreamWriter
